{
  "RSpec": {
    "coverage": {
      "/home/alegrand/workspace/mywork/bitbuckets/topicli/lib/clitopic.rb": [
        1,
        1,
        1,
        1,
        1,
        1,
        1,
        null,
        1,
        null,
        1,
        1
      ],
      "/home/alegrand/workspace/mywork/bitbuckets/topicli/lib/clitopic/cli.rb": [
        1,
        1,
        1,
        1,
        1,
        0,
        0,
        0,
        0,
        0,
        null,
        0,
        null,
        0,
        0,
        null,
        0,
        0,
        0,
        0,
        null,
        0,
        null,
        null,
        0,
        0,
        null,
        null,
        null,
        null,
        null
      ],
      "/home/alegrand/workspace/mywork/bitbuckets/topicli/lib/clitopic/commands.rb": [
        1,
        1,
        1,
        null,
        1,
        1,
        null,
        null,
        1,
        0,
        null,
        null,
        1,
        0,
        null,
        null,
        1,
        2,
        null,
        null,
        1,
        14,
        null,
        null,
        1,
        null,
        2,
        null,
        null,
        1,
        0,
        null,
        null,
        1,
        null,
        0,
        null,
        null,
        1,
        0,
        0,
        0,
        0,
        null,
        0,
        0,
        0,
        0,
        null,
        0,
        0,
        null,
        null,
        null,
        null,
        1,
        0,
        0,
        0,
        null,
        null,
        1,
        7,
        7,
        2,
        null,
        3,
        3,
        3,
        null,
        2,
        null,
        7,
        null,
        null,
        null,
        1,
        1,
        null,
        null,
        null,
        null
      ],
      "/home/alegrand/workspace/mywork/bitbuckets/topicli/lib/clitopic/version.rb": [
        1,
        1,
        null
      ],
      "/home/alegrand/workspace/mywork/bitbuckets/topicli/lib/clitopic/utils.rb": [
        1,
        1,
        null,
        null,
        null,
        null,
        7,
        null,
        null
      ],
      "/home/alegrand/workspace/mywork/bitbuckets/topicli/lib/clitopic/command_base.rb": [
        1,
        1,
        1,
        1,
        1,
        1,
        1,
        1,
        null,
        1,
        0,
        null,
        null,
        1,
        0,
        null,
        null,
        1,
        0,
        0,
        0,
        0,
        null,
        0,
        0,
        0,
        null,
        0,
        0,
        null,
        null,
        null,
        0,
        null,
        null,
        1,
        0,
        null,
        null,
        0,
        0,
        0,
        null,
        0,
        0,
        0,
        null,
        null,
        null,
        0,
        0,
        0,
        null,
        null,
        0,
        0,
        0,
        null,
        null,
        1,
        11,
        5,
        2,
        null,
        1,
        null,
        2,
        null,
        null,
        11,
        null,
        null,
        1,
        0,
        null,
        null,
        1,
        null,
        0,
        null,
        null,
        1,
        6,
        6,
        0,
        null,
        null,
        6,
        6,
        6,
        6,
        6,
        6,
        null,
        6,
        1,
        null,
        5,
        null,
        null,
        null,
        null,
        null,
        null,
        null,
        1,
        1,
        null,
        null,
        null,
        null,
        null,
        null,
        null,
        null,
        null,
        null,
        null,
        null,
        null,
        null,
        null,
        null,
        null,
        null,
        null,
        null,
        null,
        null,
        null,
        null,
        null,
        null,
        null,
        null,
        null,
        null,
        null,
        null,
        null,
        null,
        null,
        null,
        null,
        null,
        null,
        null,
        null
      ],
      "/home/alegrand/workspace/mywork/bitbuckets/topicli/lib/clitopic/topic_base.rb": [
        1,
        1,
        null,
        1,
        1,
        1,
        1,
        null,
        1,
        7,
        7,
        1,
        null,
        6,
        6,
        6,
        6,
        null,
        null,
        1,
        12,
        null,
        null,
        1,
        12,
        null,
        null,
        1,
        1,
        null,
        null,
        1,
        1,
        null,
        null,
        1,
        null,
        1,
        null,
        1,
        1,
        1,
        6,
        5,
        1,
        null,
        4,
        4,
        null,
        4,
        null,
        null,
        null,
        null,
        null,
        null
      ],
      "/home/alegrand/workspace/mywork/bitbuckets/topicli/lib/clitopic/topics.rb": [
        null,
        1,
        1,
        null,
        1,
        1,
        1,
        1,
        6,
        1,
        null,
        5,
        null,
        null,
        1,
        26,
        null,
        null,
        1,
        33,
        null,
        null,
        null,
        null
      ]
    },
    "timestamp": 1443084720
  }
}
